{"C:\\Users\\rodrigo.bonilla\\Documents\\Rodri\\Fondos\\Nueva carpeta\\rest_api_node_ts_server\\src\\router.ts": {"path":"C:\\Users\\rodrigo.bonilla\\Documents\\Rodri\\Fondos\\Nueva carpeta\\rest_api_node_ts_server\\src\\router.ts","statementMap":{"0":{"start":{"line":1,"column":0},"end":{"line":1,"column":33}},"1":{"start":{"line":2,"column":0},"end":{"line":2,"column":41}},"2":{"start":{"line":3,"column":0},"end":{"line":3,"column":137}},"3":{"start":{"line":4,"column":0},"end":{"line":4,"column":49}},"4":{"start":{"line":6,"column":15},"end":{"line":6,"column":23}},"5":{"start":{"line":9,"column":0},"end":{"line":9,"column":null}},"6":{"start":{"line":10,"column":0},"end":{"line":12,"column":null}},"7":{"start":{"line":14,"column":0},"end":{"line":24,"column":2}},"8":{"start":{"line":20,"column":24},"end":{"line":20,"column":33}},"9":{"start":{"line":26,"column":0},"end":{"line":37,"column":17}},"10":{"start":{"line":32,"column":24},"end":{"line":32,"column":33}},"11":{"start":{"line":39,"column":0},"end":{"line":41,"column":null}},"12":{"start":{"line":43,"column":0},"end":{"line":45,"column":null}},"13":{"start":{"line":47,"column":0},"end":{"line":47,"column":22}}},"fnMap":{"0":{"name":"(anonymous_0)","decl":{"start":{"line":20,"column":13},"end":{"line":20,"column":14}},"loc":{"start":{"line":20,"column":24},"end":{"line":20,"column":33}}},"1":{"name":"(anonymous_1)","decl":{"start":{"line":32,"column":13},"end":{"line":32,"column":14}},"loc":{"start":{"line":32,"column":24},"end":{"line":32,"column":33}}}},"branchMap":{},"s":{"0":2,"1":2,"2":2,"3":2,"4":2,"5":2,"6":2,"7":2,"8":4,"9":2,"10":5,"11":2,"12":2,"13":2},"f":{"0":4,"1":5},"b":{}}
,"C:\\Users\\rodrigo.bonilla\\Documents\\Rodri\\Fondos\\Nueva carpeta\\rest_api_node_ts_server\\src\\server.ts": {"path":"C:\\Users\\rodrigo.bonilla\\Documents\\Rodri\\Fondos\\Nueva carpeta\\rest_api_node_ts_server\\src\\server.ts","statementMap":{"0":{"start":{"line":7,"column":0},"end":{"line":7,"column":7}},"1":{"start":{"line":1,"column":0},"end":{"line":1,"column":30}},"2":{"start":{"line":2,"column":0},"end":{"line":2,"column":28}},"3":{"start":{"line":3,"column":0},"end":{"line":3,"column":30}},"4":{"start":{"line":4,"column":0},"end":{"line":4,"column":29}},"5":{"start":{"line":8,"column":2},"end":{"line":16,"column":3}},"6":{"start":{"line":9,"column":4},"end":{"line":9,"column":28}},"7":{"start":{"line":10,"column":4},"end":{"line":10,"column":20}},"8":{"start":{"line":11,"column":4},"end":{"line":11,"column":57}},"9":{"start":{"line":15,"column":4},"end":{"line":15,"column":70}},"10":{"start":{"line":20,"column":13},"end":{"line":20,"column":40}},"11":{"start":{"line":23,"column":14},"end":{"line":23,"column":23}},"12":{"start":{"line":26,"column":0},"end":{"line":26,"column":27}},"13":{"start":{"line":27,"column":0},"end":{"line":27,"column":36}},"14":{"start":{"line":31,"column":0},"end":{"line":31,"column":22}}},"fnMap":{"0":{"name":"connectDB","decl":{"start":{"line":7,"column":22},"end":{"line":7,"column":31}},"loc":{"start":{"line":7,"column":31},"end":{"line":18,"column":1}}}},"branchMap":{},"s":{"0":2,"1":2,"2":2,"3":2,"4":2,"5":3,"6":3,"7":2,"8":2,"9":1,"10":2,"11":2,"12":2,"13":2,"14":2},"f":{"0":3},"b":{}}
,"C:\\Users\\rodrigo.bonilla\\Documents\\Rodri\\Fondos\\Nueva carpeta\\rest_api_node_ts_server\\src\\config\\db.ts": {"path":"C:\\Users\\rodrigo.bonilla\\Documents\\Rodri\\Fondos\\Nueva carpeta\\rest_api_node_ts_server\\src\\config\\db.ts","statementMap":{"0":{"start":{"line":1,"column":0},"end":{"line":1,"column":49}},"1":{"start":{"line":2,"column":0},"end":{"line":2,"column":28}},"2":{"start":{"line":4,"column":0},"end":{"line":4,"column":16}},"3":{"start":{"line":6,"column":11},"end":{"line":9,"column":2}},"4":{"start":{"line":11,"column":0},"end":{"line":11,"column":18}}},"fnMap":{},"branchMap":{},"s":{"0":2,"1":2,"2":2,"3":2,"4":2},"f":{},"b":{}}
,"C:\\Users\\rodrigo.bonilla\\Documents\\Rodri\\Fondos\\Nueva carpeta\\rest_api_node_ts_server\\src\\handlers\\product.ts": {"path":"C:\\Users\\rodrigo.bonilla\\Documents\\Rodri\\Fondos\\Nueva carpeta\\rest_api_node_ts_server\\src\\handlers\\product.ts","statementMap":{"0":{"start":{"line":2,"column":0},"end":{"line":2,"column":46}},"1":{"start":{"line":4,"column":27},"end":{"line":10,"column":1}},"2":{"start":{"line":6,"column":19},"end":{"line":8,"column":4}},"3":{"start":{"line":9,"column":2},"end":{"line":9,"column":29}},"4":{"start":{"line":4,"column":13},"end":{"line":4,"column":27}},"5":{"start":{"line":12,"column":30},"end":{"line":35,"column":1}},"6":{"start":{"line":14,"column":17},"end":{"line":14,"column":27}},"7":{"start":{"line":16,"column":2},"end":{"line":18,"column":3}},"8":{"start":{"line":17,"column":4},"end":{"line":17,"column":58}},"9":{"start":{"line":21,"column":20},"end":{"line":21,"column":36}},"10":{"start":{"line":22,"column":2},"end":{"line":24,"column":3}},"11":{"start":{"line":23,"column":4},"end":{"line":23,"column":68}},"12":{"start":{"line":26,"column":18},"end":{"line":28,"column":4}},"13":{"start":{"line":30,"column":2},"end":{"line":32,"column":3}},"14":{"start":{"line":31,"column":4},"end":{"line":31,"column":69}},"15":{"start":{"line":34,"column":2},"end":{"line":34,"column":28}},"16":{"start":{"line":12,"column":13},"end":{"line":12,"column":30}},"17":{"start":{"line":37,"column":29},"end":{"line":41,"column":1}},"18":{"start":{"line":39,"column":18},"end":{"line":39,"column":48}},"19":{"start":{"line":40,"column":2},"end":{"line":40,"column":40}},"20":{"start":{"line":37,"column":13},"end":{"line":37,"column":29}},"21":{"start":{"line":43,"column":29},"end":{"line":68,"column":1}},"22":{"start":{"line":45,"column":17},"end":{"line":45,"column":27}},"23":{"start":{"line":47,"column":2},"end":{"line":49,"column":3}},"24":{"start":{"line":48,"column":4},"end":{"line":48,"column":58}},"25":{"start":{"line":52,"column":20},"end":{"line":52,"column":36}},"26":{"start":{"line":53,"column":2},"end":{"line":55,"column":3}},"27":{"start":{"line":54,"column":4},"end":{"line":54,"column":68}},"28":{"start":{"line":57,"column":18},"end":{"line":57,"column":51}},"29":{"start":{"line":59,"column":2},"end":{"line":61,"column":3}},"30":{"start":{"line":60,"column":4},"end":{"line":60,"column":69}},"31":{"start":{"line":64,"column":2},"end":{"line":64,"column":33}},"32":{"start":{"line":65,"column":2},"end":{"line":65,"column":23}},"33":{"start":{"line":67,"column":2},"end":{"line":67,"column":28}},"34":{"start":{"line":43,"column":13},"end":{"line":43,"column":29}},"35":{"start":{"line":70,"column":41},"end":{"line":94,"column":1}},"36":{"start":{"line":71,"column":17},"end":{"line":71,"column":27}},"37":{"start":{"line":73,"column":2},"end":{"line":75,"column":3}},"38":{"start":{"line":74,"column":4},"end":{"line":74,"column":58}},"39":{"start":{"line":78,"column":20},"end":{"line":78,"column":36}},"40":{"start":{"line":79,"column":2},"end":{"line":81,"column":3}},"41":{"start":{"line":80,"column":4},"end":{"line":80,"column":68}},"42":{"start":{"line":83,"column":18},"end":{"line":83,"column":51}},"43":{"start":{"line":85,"column":2},"end":{"line":87,"column":3}},"44":{"start":{"line":86,"column":4},"end":{"line":86,"column":69}},"45":{"start":{"line":90,"column":2},"end":{"line":90,"column":58}},"46":{"start":{"line":91,"column":2},"end":{"line":91,"column":23}},"47":{"start":{"line":93,"column":2},"end":{"line":93,"column":28}},"48":{"start":{"line":70,"column":13},"end":{"line":70,"column":41}},"49":{"start":{"line":96,"column":29},"end":{"line":119,"column":1}},"50":{"start":{"line":97,"column":17},"end":{"line":97,"column":27}},"51":{"start":{"line":99,"column":2},"end":{"line":101,"column":3}},"52":{"start":{"line":100,"column":4},"end":{"line":100,"column":58}},"53":{"start":{"line":104,"column":20},"end":{"line":104,"column":36}},"54":{"start":{"line":105,"column":2},"end":{"line":107,"column":3}},"55":{"start":{"line":106,"column":4},"end":{"line":106,"column":68}},"56":{"start":{"line":109,"column":18},"end":{"line":109,"column":51}},"57":{"start":{"line":111,"column":2},"end":{"line":113,"column":3}},"58":{"start":{"line":112,"column":4},"end":{"line":112,"column":69}},"59":{"start":{"line":116,"column":2},"end":{"line":116,"column":26}},"60":{"start":{"line":118,"column":2},"end":{"line":118,"column":41}},"61":{"start":{"line":96,"column":13},"end":{"line":96,"column":29}}},"fnMap":{"0":{"name":"(anonymous_1)","decl":{"start":{"line":4,"column":27},"end":{"line":4,"column":32}},"loc":{"start":{"line":4,"column":64},"end":{"line":10,"column":1}}},"1":{"name":"(anonymous_2)","decl":{"start":{"line":12,"column":30},"end":{"line":12,"column":35}},"loc":{"start":{"line":12,"column":67},"end":{"line":35,"column":1}}},"2":{"name":"(anonymous_3)","decl":{"start":{"line":37,"column":29},"end":{"line":37,"column":34}},"loc":{"start":{"line":37,"column":66},"end":{"line":41,"column":1}}},"3":{"name":"(anonymous_4)","decl":{"start":{"line":43,"column":29},"end":{"line":43,"column":34}},"loc":{"start":{"line":43,"column":66},"end":{"line":68,"column":1}}},"4":{"name":"(anonymous_5)","decl":{"start":{"line":70,"column":41},"end":{"line":70,"column":46}},"loc":{"start":{"line":70,"column":78},"end":{"line":94,"column":1}}},"5":{"name":"(anonymous_6)","decl":{"start":{"line":96,"column":29},"end":{"line":96,"column":34}},"loc":{"start":{"line":96,"column":66},"end":{"line":119,"column":1}}}},"branchMap":{"0":{"loc":{"start":{"line":16,"column":2},"end":{"line":18,"column":3}},"type":"if","locations":[{"start":{"line":16,"column":2},"end":{"line":18,"column":3}},{"start":{},"end":{}}]},"1":{"loc":{"start":{"line":22,"column":2},"end":{"line":24,"column":3}},"type":"if","locations":[{"start":{"line":22,"column":2},"end":{"line":24,"column":3}},{"start":{},"end":{}}]},"2":{"loc":{"start":{"line":30,"column":2},"end":{"line":32,"column":3}},"type":"if","locations":[{"start":{"line":30,"column":2},"end":{"line":32,"column":3}},{"start":{},"end":{}}]},"3":{"loc":{"start":{"line":47,"column":2},"end":{"line":49,"column":3}},"type":"if","locations":[{"start":{"line":47,"column":2},"end":{"line":49,"column":3}},{"start":{},"end":{}}]},"4":{"loc":{"start":{"line":53,"column":2},"end":{"line":55,"column":3}},"type":"if","locations":[{"start":{"line":53,"column":2},"end":{"line":55,"column":3}},{"start":{},"end":{}}]},"5":{"loc":{"start":{"line":59,"column":2},"end":{"line":61,"column":3}},"type":"if","locations":[{"start":{"line":59,"column":2},"end":{"line":61,"column":3}},{"start":{},"end":{}}]},"6":{"loc":{"start":{"line":73,"column":2},"end":{"line":75,"column":3}},"type":"if","locations":[{"start":{"line":73,"column":2},"end":{"line":75,"column":3}},{"start":{},"end":{}}]},"7":{"loc":{"start":{"line":79,"column":2},"end":{"line":81,"column":3}},"type":"if","locations":[{"start":{"line":79,"column":2},"end":{"line":81,"column":3}},{"start":{},"end":{}}]},"8":{"loc":{"start":{"line":85,"column":2},"end":{"line":87,"column":3}},"type":"if","locations":[{"start":{"line":85,"column":2},"end":{"line":87,"column":3}},{"start":{},"end":{}}]},"9":{"loc":{"start":{"line":99,"column":2},"end":{"line":101,"column":3}},"type":"if","locations":[{"start":{"line":99,"column":2},"end":{"line":101,"column":3}},{"start":{},"end":{}}]},"10":{"loc":{"start":{"line":105,"column":2},"end":{"line":107,"column":3}},"type":"if","locations":[{"start":{"line":105,"column":2},"end":{"line":107,"column":3}},{"start":{},"end":{}}]},"11":{"loc":{"start":{"line":111,"column":2},"end":{"line":113,"column":3}},"type":"if","locations":[{"start":{"line":111,"column":2},"end":{"line":113,"column":3}},{"start":{},"end":{}}]}},"s":{"0":2,"1":2,"2":2,"3":2,"4":2,"5":2,"6":4,"7":4,"8":1,"9":3,"10":3,"11":1,"12":2,"13":2,"14":1,"15":1,"16":2,"17":2,"18":1,"19":1,"20":2,"21":2,"22":4,"23":4,"24":1,"25":3,"26":3,"27":1,"28":2,"29":2,"30":1,"31":1,"32":1,"33":1,"34":2,"35":2,"36":4,"37":4,"38":1,"39":3,"40":3,"41":1,"42":2,"43":2,"44":1,"45":1,"46":1,"47":1,"48":2,"49":2,"50":4,"51":4,"52":1,"53":3,"54":3,"55":1,"56":2,"57":2,"58":1,"59":1,"60":1,"61":2},"f":{"0":2,"1":4,"2":1,"3":4,"4":4,"5":4},"b":{"0":[1,3],"1":[1,2],"2":[1,1],"3":[1,3],"4":[1,2],"5":[1,1],"6":[1,3],"7":[1,2],"8":[1,1],"9":[1,3],"10":[1,2],"11":[1,1]}}
,"C:\\Users\\rodrigo.bonilla\\Documents\\Rodri\\Fondos\\Nueva carpeta\\rest_api_node_ts_server\\src\\middleware\\index.ts": {"path":"C:\\Users\\rodrigo.bonilla\\Documents\\Rodri\\Fondos\\Nueva carpeta\\rest_api_node_ts_server\\src\\middleware\\index.ts","statementMap":{"0":{"start":{"line":2,"column":0},"end":{"line":2,"column":53}},"1":{"start":{"line":5,"column":33},"end":{"line":13,"column":1}},"2":{"start":{"line":7,"column":15},"end":{"line":7,"column":36}},"3":{"start":{"line":8,"column":2},"end":{"line":10,"column":3}},"4":{"start":{"line":9,"column":4},"end":{"line":9,"column":58}},"5":{"start":{"line":12,"column":2},"end":{"line":12,"column":9}},"6":{"start":{"line":5,"column":13},"end":{"line":5,"column":33}}},"fnMap":{"0":{"name":"(anonymous_0)","decl":{"start":{"line":5,"column":33},"end":{"line":5,"column":34}},"loc":{"start":{"line":5,"column":85},"end":{"line":13,"column":1}}}},"branchMap":{"0":{"loc":{"start":{"line":8,"column":2},"end":{"line":10,"column":3}},"type":"if","locations":[{"start":{"line":8,"column":2},"end":{"line":10,"column":3}},{"start":{},"end":{}}]}},"s":{"0":2,"1":2,"2":18,"3":18,"4":5,"5":13,"6":2},"f":{"0":18},"b":{"0":[5,13]}}
,"C:\\Users\\rodrigo.bonilla\\Documents\\Rodri\\Fondos\\Nueva carpeta\\rest_api_node_ts_server\\src\\models\\Product.model.ts": {"path":"C:\\Users\\rodrigo.bonilla\\Documents\\Rodri\\Fondos\\Nueva carpeta\\rest_api_node_ts_server\\src\\models\\Product.model.ts","statementMap":{"0":{"start":{"line":1,"column":0},"end":{"line":1,"column":79}},"1":{"start":{"line":7,"column":0},"end":{"line":23,"column":null}},"2":{"start":{"line":11,"column":10},"end":{"line":11,"column":null}},"3":{"start":{"line":16,"column":10},"end":{"line":16,"column":null}},"4":{"start":{"line":22,"column":10},"end":{"line":22,"column":null}},"5":{"start":{"line":7,"column":6},"end":{"line":23,"column":null}},"6":{"start":{"line":25,"column":0},"end":{"line":25,"column":23}}},"fnMap":{},"branchMap":{},"s":{"0":3,"1":3,"2":3,"3":3,"4":3,"5":3,"6":3},"f":{},"b":{}}
}
