TN:
SF:src\router.ts
FN:20,(anonymous_0)
FN:32,(anonymous_1)
FNF:2
FNH:2
FNDA:4,(anonymous_0)
FNDA:5,(anonymous_1)
DA:1,2
DA:2,2
DA:3,2
DA:4,2
DA:6,2
DA:9,2
DA:10,2
DA:14,2
DA:20,4
DA:26,2
DA:32,5
DA:39,2
DA:43,2
DA:47,2
LF:14
LH:14
BRF:0
BRH:0
end_of_record
TN:
SF:src\server.ts
FN:7,connectDB
FNF:1
FNH:1
FNDA:3,connectDB
DA:1,2
DA:2,2
DA:3,2
DA:4,2
DA:7,2
DA:8,3
DA:9,3
DA:10,2
DA:11,2
DA:15,1
DA:20,2
DA:23,2
DA:26,2
DA:27,2
DA:31,2
LF:15
LH:15
BRF:0
BRH:0
end_of_record
TN:
SF:src\config\db.ts
FNF:0
FNH:0
DA:1,2
DA:2,2
DA:4,2
DA:6,2
DA:11,2
LF:5
LH:5
BRF:0
BRH:0
end_of_record
TN:
SF:src\handlers\product.ts
FN:4,(anonymous_1)
FN:12,(anonymous_2)
FN:37,(anonymous_3)
FN:43,(anonymous_4)
FN:70,(anonymous_5)
FN:96,(anonymous_6)
FNF:6
FNH:6
FNDA:2,(anonymous_1)
FNDA:4,(anonymous_2)
FNDA:1,(anonymous_3)
FNDA:4,(anonymous_4)
FNDA:4,(anonymous_5)
FNDA:4,(anonymous_6)
DA:2,2
DA:4,2
DA:6,2
DA:9,2
DA:12,2
DA:14,4
DA:16,4
DA:17,1
DA:21,3
DA:22,3
DA:23,1
DA:26,2
DA:30,2
DA:31,1
DA:34,1
DA:37,2
DA:39,1
DA:40,1
DA:43,2
DA:45,4
DA:47,4
DA:48,1
DA:52,3
DA:53,3
DA:54,1
DA:57,2
DA:59,2
DA:60,1
DA:64,1
DA:65,1
DA:67,1
DA:70,2
DA:71,4
DA:73,4
DA:74,1
DA:78,3
DA:79,3
DA:80,1
DA:83,2
DA:85,2
DA:86,1
DA:90,1
DA:91,1
DA:93,1
DA:96,2
DA:97,4
DA:99,4
DA:100,1
DA:104,3
DA:105,3
DA:106,1
DA:109,2
DA:111,2
DA:112,1
DA:116,1
DA:118,1
LF:56
LH:56
BRDA:16,0,0,1
BRDA:16,0,1,3
BRDA:22,1,0,1
BRDA:22,1,1,2
BRDA:30,2,0,1
BRDA:30,2,1,1
BRDA:47,3,0,1
BRDA:47,3,1,3
BRDA:53,4,0,1
BRDA:53,4,1,2
BRDA:59,5,0,1
BRDA:59,5,1,1
BRDA:73,6,0,1
BRDA:73,6,1,3
BRDA:79,7,0,1
BRDA:79,7,1,2
BRDA:85,8,0,1
BRDA:85,8,1,1
BRDA:99,9,0,1
BRDA:99,9,1,3
BRDA:105,10,0,1
BRDA:105,10,1,2
BRDA:111,11,0,1
BRDA:111,11,1,1
BRF:24
BRH:24
end_of_record
TN:
SF:src\middleware\index.ts
FN:5,(anonymous_0)
FNF:1
FNH:1
FNDA:18,(anonymous_0)
DA:2,2
DA:5,2
DA:7,18
DA:8,18
DA:9,5
DA:12,13
LF:6
LH:6
BRDA:8,0,0,5
BRDA:8,0,1,13
BRF:2
BRH:2
end_of_record
TN:
SF:src\models\Product.model.ts
FNF:0
FNH:0
DA:1,3
DA:7,3
DA:11,3
DA:16,3
DA:22,3
DA:25,3
LF:6
LH:6
BRF:0
BRH:0
end_of_record
